<?xml version="1.0" encoding="UTF-8" ?>
<testsuite failures="0" time="0.03" errors="0" skipped="0" tests="12" name="com.ao.model.worldobject.DeathPotionTest">
  <properties>
[...]
</properties>
  <testcase time="0.001" classname="com.ao.model.worldobject.DeathPotionTest" name="testClone"/>
  <testcase time="0.002" classname="com.ao.model.worldobject.DeathPotionTest" name="testUseWithCleanup"/>
  <testcase time="0" classname="com.ao.model.worldobject.DeathPotionTest" name="testUseWithoutCleanup"/>
  <testcase time="0" classname="com.ao.model.worldobject.DeathPotionTest" name="testAddAmount"/>
  <testcase time="0" classname="com.ao.model.worldobject.DeathPotionTest" name="testGetValue"/>
  <testcase time="0" classname="com.ao.model.worldobject.DeathPotionTest" name="testIsNewbie"/>
  <testcase time="0" classname="com.ao.model.worldobject.DeathPotionTest" name="testCanBeStolen"/>
  <testcase time="0" classname="com.ao.model.worldobject.DeathPotionTest" name="testIsNoLog"/>
  <testcase time="0.001" classname="com.ao.model.worldobject.DeathPotionTest" name="testIsRespawneable"/>
  <testcase time="0" classname="com.ao.model.worldobject.DeathPotionTest" name="testGetId"/>
  <testcase time="0" classname="com.ao.model.worldobject.DeathPotionTest" name="testGetGraphic"/>
  <testcase time="0" classname="com.ao.model.worldobject.DeathPotionTest" name="testGetName"/>
</testsuite>